-------------------------------------------------------------------------------
Test set: br.com.myrecipemanager.MyRecipeManagerApplicationTests
-------------------------------------------------------------------------------
Tests run: 1, Failures: 0, Errors: 1, Skipped: 0, Time elapsed: 6.48 s <<< FAILURE! - in br.com.myrecipemanager.MyRecipeManagerApplicationTests
contextLoads  Time elapsed: 0.052 s  <<< ERROR!
java.lang.IllegalStateException: Failed to load ApplicationContext
Caused by: org.springframework.beans.factory.BeanCreationException: Error creating bean with name 'entityManagerFactory' defined in class path resource [org/springframework/boot/autoconfigure/orm/jpa/HibernateJpaConfiguration.class]: Invocation of init method failed; nested exception is java.lang.NullPointerException
Caused by: java.lang.NullPointerException

